2025-09-25 13:36:36,953 DEBUG    root            Loaded Command Group: ['gcloud', 'components']
2025-09-25 13:36:36,983 DEBUG    root            Loaded Command Group: ['gcloud', 'components', 'update']
2025-09-25 13:36:36,985 DEBUG    root            Running [gcloud.components.update] with arguments: [--quiet: "True", COMPONENT-IDS:8: "['gcloud', 'core', 'bq', 'gsutil', 'compute', 'preview', 'alpha', 'beta']"]
2025-09-25 13:36:36,986 INFO     ___FILE_ONLY___ Beginning update. This process may take several minutes.

2025-09-25 13:36:36,995 DEBUG    urllib3.connectionpool Starting new HTTPS connection (1): dl.google.com:443
2025-09-25 13:36:37,009 DEBUG    urllib3.connectionpool https://dl.google.com:443 "GET /dl/cloudsdk/channels/rapid/components-2.json HTTP/11" 200 233149
2025-09-25 13:36:37,021 WARNING  root            Component [compute] no longer exists.
2025-09-25 13:36:37,021 INFO     ___FILE_ONLY___ 

2025-09-25 13:36:37,022 INFO     ___FILE_ONLY___ 
Your current Google Cloud CLI version is: 540.0.0

2025-09-25 13:36:37,022 INFO     ___FILE_ONLY___ Installing components from version: 540.0.0

2025-09-25 13:36:37,022 INFO     ___FILE_ONLY___ 

2025-09-25 13:36:37,022 DEBUG    root            Chosen display Format:table[box,title="These components will be removed."](details.display_name:label=Name:align=left,version.version_string:label=Version:align=right,data.size.size(zero="",min=1048576):label=Size:align=right)
2025-09-25 13:36:37,023 DEBUG    root            Chosen display Format:table[box,title="These components will be updated."](details.display_name:label=Name:align=left,version.version_string:label=Version:align=right,data.size.size(zero="",min=1048576):label=Size:align=right)
2025-09-25 13:36:37,023 DEBUG    root            Chosen display Format:table[box,title="These components will be installed."](details.display_name:label=Name:align=left,version.version_string:label=Version:align=right,data.size.size(zero="",min=1048576):label=Size:align=right)
2025-09-25 13:36:37,038 INFO     ___FILE_ONLY___ ┌────────────────────────────────────────────────┐
2025-09-25 13:36:37,038 INFO     ___FILE_ONLY___ 

2025-09-25 13:36:37,039 INFO     ___FILE_ONLY___ │      These components will be installed.       │
2025-09-25 13:36:37,039 INFO     ___FILE_ONLY___ 

2025-09-25 13:36:37,039 INFO     ___FILE_ONLY___ ├─────────────────────────┬────────────┬─────────┤
2025-09-25 13:36:37,039 INFO     ___FILE_ONLY___ 

2025-09-25 13:36:37,039 INFO     ___FILE_ONLY___ │           Name          │  Version   │   Size  │
2025-09-25 13:36:37,039 INFO     ___FILE_ONLY___ 

2025-09-25 13:36:37,039 INFO     ___FILE_ONLY___ ├─────────────────────────┼────────────┼─────────┤
2025-09-25 13:36:37,039 INFO     ___FILE_ONLY___ 

2025-09-25 13:36:37,039 INFO     ___FILE_ONLY___ │ 
2025-09-25 13:36:37,039 INFO     ___FILE_ONLY___ gcloud Alpha Commands  
2025-09-25 13:36:37,039 INFO     ___FILE_ONLY___  
2025-09-25 13:36:37,039 INFO     ___FILE_ONLY___ │ 
2025-09-25 13:36:37,039 INFO     ___FILE_ONLY___ 2025.09.23
2025-09-25 13:36:37,039 INFO     ___FILE_ONLY___  
2025-09-25 13:36:37,039 INFO     ___FILE_ONLY___ │ 
2025-09-25 13:36:37,039 INFO     ___FILE_ONLY___ < 1 MiB
2025-09-25 13:36:37,039 INFO     ___FILE_ONLY___  
2025-09-25 13:36:37,039 INFO     ___FILE_ONLY___ │
2025-09-25 13:36:37,040 INFO     ___FILE_ONLY___ 

2025-09-25 13:36:37,040 INFO     ___FILE_ONLY___ │ 
2025-09-25 13:36:37,040 INFO     ___FILE_ONLY___ gcloud Beta Commands   
2025-09-25 13:36:37,040 INFO     ___FILE_ONLY___  
2025-09-25 13:36:37,040 INFO     ___FILE_ONLY___ │ 
2025-09-25 13:36:37,040 INFO     ___FILE_ONLY___ 2025.09.23
2025-09-25 13:36:37,040 INFO     ___FILE_ONLY___  
2025-09-25 13:36:37,040 INFO     ___FILE_ONLY___ │ 
2025-09-25 13:36:37,040 INFO     ___FILE_ONLY___ < 1 MiB
2025-09-25 13:36:37,040 INFO     ___FILE_ONLY___  
2025-09-25 13:36:37,040 INFO     ___FILE_ONLY___ │
2025-09-25 13:36:37,040 INFO     ___FILE_ONLY___ 

2025-09-25 13:36:37,040 INFO     ___FILE_ONLY___ │ 
2025-09-25 13:36:37,040 INFO     ___FILE_ONLY___ gcloud Preview Commands
2025-09-25 13:36:37,040 INFO     ___FILE_ONLY___  
2025-09-25 13:36:37,040 INFO     ___FILE_ONLY___ │ 
2025-09-25 13:36:37,040 INFO     ___FILE_ONLY___           
2025-09-25 13:36:37,040 INFO     ___FILE_ONLY___  
2025-09-25 13:36:37,040 INFO     ___FILE_ONLY___ │ 
2025-09-25 13:36:37,040 INFO     ___FILE_ONLY___ < 1 MiB
2025-09-25 13:36:37,041 INFO     ___FILE_ONLY___  
2025-09-25 13:36:37,041 INFO     ___FILE_ONLY___ │
2025-09-25 13:36:37,041 INFO     ___FILE_ONLY___ 

2025-09-25 13:36:37,041 INFO     ___FILE_ONLY___ └─────────────────────────┴────────────┴─────────┘
2025-09-25 13:36:37,041 INFO     ___FILE_ONLY___ 

2025-09-25 13:36:37,041 INFO     ___FILE_ONLY___ 

2025-09-25 13:36:37,043 DEBUG    urllib3.connectionpool Starting new HTTPS connection (1): dl.google.com:443
2025-09-25 13:36:37,054 DEBUG    urllib3.connectionpool https://dl.google.com:443 "GET /dl/cloudsdk/channels/rapid/RELEASE_NOTES HTTP/11" 200 1487839
2025-09-25 13:36:37,553 INFO     ___FILE_ONLY___ For the latest full release notes, please visit:
  https://cloud.google.com/sdk/release_notes


2025-09-25 13:36:37,554 INFO     ___FILE_ONLY___ Performing in place update...


2025-09-25 13:36:37,556 INFO     ___FILE_ONLY___ ╔════════════════════════════════════════════════════════════╗

2025-09-25 13:36:37,556 INFO     ___FILE_ONLY___ ╠═ Downloading: gcloud Alpha Commands                       ═╣

2025-09-25 13:36:37,556 INFO     ___FILE_ONLY___ ╚
2025-09-25 13:36:37,558 DEBUG    urllib3.connectionpool Starting new HTTPS connection (1): dl.google.com:443
2025-09-25 13:36:37,571 DEBUG    urllib3.connectionpool https://dl.google.com:443 "GET /dl/cloudsdk/channels/rapid/components/google-cloud-sdk-alpha-20250923151237.tar.gz HTTP/11" 200 800
2025-09-25 13:36:37,572 INFO     ___FILE_ONLY___ ════════════════════════════════════════════════════════════
2025-09-25 13:36:37,572 INFO     ___FILE_ONLY___ ╝

2025-09-25 13:36:37,574 INFO     ___FILE_ONLY___ ╔════════════════════════════════════════════════════════════╗

2025-09-25 13:36:37,574 INFO     ___FILE_ONLY___ ╠═ Downloading: gcloud Beta Commands                        ═╣

2025-09-25 13:36:37,574 INFO     ___FILE_ONLY___ ╚
2025-09-25 13:36:37,577 DEBUG    urllib3.connectionpool Starting new HTTPS connection (1): dl.google.com:443
2025-09-25 13:36:37,587 DEBUG    urllib3.connectionpool https://dl.google.com:443 "GET /dl/cloudsdk/channels/rapid/components/google-cloud-sdk-beta-20250923151237.tar.gz HTTP/11" 200 797
2025-09-25 13:36:37,587 INFO     ___FILE_ONLY___ ════════════════════════════════════════════════════════════
2025-09-25 13:36:37,587 INFO     ___FILE_ONLY___ ╝

2025-09-25 13:36:37,589 INFO     ___FILE_ONLY___ ╔════════════════════════════════════════════════════════════╗

2025-09-25 13:36:37,589 INFO     ___FILE_ONLY___ ╠═ Downloading: gcloud Preview Commands                     ═╣

2025-09-25 13:36:37,589 INFO     ___FILE_ONLY___ ╚
2025-09-25 13:36:37,592 DEBUG    urllib3.connectionpool Starting new HTTPS connection (1): dl.google.com:443
2025-09-25 13:36:37,642 DEBUG    urllib3.connectionpool https://dl.google.com:443 "GET /dl/cloudsdk/channels/rapid/components/google-cloud-sdk-preview-20241115154308.tar.gz HTTP/11" 200 823
2025-09-25 13:36:37,642 INFO     ___FILE_ONLY___ ════════════════════════════════════════════════════════════
2025-09-25 13:36:37,643 INFO     ___FILE_ONLY___ ╝

2025-09-25 13:36:37,644 INFO     ___FILE_ONLY___ ╔════════════════════════════════════════════════════════════╗

2025-09-25 13:36:37,645 INFO     ___FILE_ONLY___ ╠═ Installing: gcloud Alpha Commands                        ═╣

2025-09-25 13:36:37,645 INFO     ___FILE_ONLY___ ╚
2025-09-25 13:36:37,646 INFO     ___FILE_ONLY___ ════════════════════════════════════════════════════════════
2025-09-25 13:36:37,646 INFO     ___FILE_ONLY___ ╝

2025-09-25 13:36:37,650 INFO     ___FILE_ONLY___ ╔════════════════════════════════════════════════════════════╗

2025-09-25 13:36:37,651 INFO     ___FILE_ONLY___ ╠═ Installing: gcloud Beta Commands                         ═╣

2025-09-25 13:36:37,651 INFO     ___FILE_ONLY___ ╚
2025-09-25 13:36:37,651 INFO     ___FILE_ONLY___ ════════════════════════════════════════════════════════════
2025-09-25 13:36:37,651 INFO     ___FILE_ONLY___ ╝

2025-09-25 13:36:37,655 INFO     ___FILE_ONLY___ ╔════════════════════════════════════════════════════════════╗

2025-09-25 13:36:37,655 INFO     ___FILE_ONLY___ ╠═ Installing: gcloud Preview Commands                      ═╣

2025-09-25 13:36:37,655 INFO     ___FILE_ONLY___ ╚
2025-09-25 13:36:37,656 INFO     ___FILE_ONLY___ ════════════════════════════════════════════════════════════
2025-09-25 13:36:37,656 INFO     ___FILE_ONLY___ ╝

2025-09-25 13:36:37,661 DEBUG    root            Updating notification cache...
2025-09-25 13:36:37,661 INFO     ___FILE_ONLY___ 

2025-09-25 13:36:37,663 INFO     ___FILE_ONLY___ Performing post processing steps...
2025-09-25 13:36:37,663 DEBUG    root            Executing command: ['/tools/google-cloud-sdk/bin/gcloud', 'components', 'post-process']
2025-09-25 13:36:45,421 DEBUG    ___FILE_ONLY___ 
2025-09-25 13:36:45,421 DEBUG    ___FILE_ONLY___ 
2025-09-25 13:36:45,685 INFO     root            descriptor_list: [{'universeDomain': 'googleapis.com', 'universeShortName': '', 'authenticationDomain': 'auth.cloud.google.com', 'projectPrefix': '', 'cloudWebDomain': 'cloud.google.com', 'documentationDomain': 'cloud.google.com', 'version': '1.0.0', 'state': 'primary', 'artifactRegistryDomain': 'pkg.dev'}]
2025-09-25 13:36:45,685 INFO     ___FILE_ONLY___ 
Update done!


2025-09-25 13:36:45,687 DEBUG    root            Chosen display Format:none
2025-09-25 13:36:45,688 INFO     root            Display format: "none"
